START: Tue 25 Nov 2025 05:30:53 PM KST
2025-11-25 17:30:53,573 INFO: Using run directory: /mnt/scratch/jugipalace/foldseek_new_3di/tmp/2vsv_PDZ_vs_2z9i_pdz_w0
2025-11-25 17:30:53,673 INFO: foldseek createdb done for /mnt/scratch/jugipalace/foldseek_new_3di/tmp/2vsv_PDZ_vs_2z9i_pdz_w0/2vsv_PDZ.pdb -> /mnt/scratch/jugipalace/foldseek_new_3di/tmp/2vsv_PDZ_vs_2z9i_pdz_w0/2vsv_PDZ
2025-11-25 17:30:53,763 INFO: foldseek createdb done for /mnt/scratch/jugipalace/foldseek_new_3di/tmp/2vsv_PDZ_vs_2z9i_pdz_w0/2z9i_pdz.pdb -> /mnt/scratch/jugipalace/foldseek_new_3di/tmp/2vsv_PDZ_vs_2z9i_pdz_w0/2z9i_pdz
2025-11-25 17:30:53,764 INFO: Wrote FASTA: /mnt/scratch/jugipalace/foldseek_new_3di/tmp/2vsv_PDZ_vs_2z9i_pdz_w0/2vsv_PDZ/2vsv_PDZ.fasta
2025-11-25 17:30:53,764 INFO: Wrote temporary 10f token file: /mnt/scratch/jugipalace/foldseek_new_3di/tmp/2vsv_PDZ_vs_2z9i_pdz_w0/2vsv_PDZ/2vsv_PDZ_10f.txt
2025-11-25 17:30:53,764 INFO: Wrote 10f FASTA: /mnt/scratch/jugipalace/foldseek_new_3di/tmp/2vsv_PDZ_vs_2z9i_pdz_w0/2vsv_PDZ/2vsv_PDZ_10f_3di.fasta and x2: /mnt/scratch/jugipalace/foldseek_new_3di/tmp/2vsv_PDZ_vs_2z9i_pdz_w0/2vsv_PDZ/2vsv_PDZ_10f_3di_x2.fasta
2025-11-25 17:30:53,764 INFO: Removed temporary token file: /mnt/scratch/jugipalace/foldseek_new_3di/tmp/2vsv_PDZ_vs_2z9i_pdz_w0/2vsv_PDZ/2vsv_PDZ_10f.txt
2025-11-25 17:30:53,769 INFO: Wrote FASTA: /mnt/scratch/jugipalace/foldseek_new_3di/tmp/2vsv_PDZ_vs_2z9i_pdz_w0/2z9i_pdz/2z9i_pdz.fasta
2025-11-25 17:30:53,769 INFO: Wrote temporary 10f token file: /mnt/scratch/jugipalace/foldseek_new_3di/tmp/2vsv_PDZ_vs_2z9i_pdz_w0/2z9i_pdz/2z9i_pdz_10f.txt
2025-11-25 17:30:53,769 INFO: Wrote 10f FASTA: /mnt/scratch/jugipalace/foldseek_new_3di/tmp/2vsv_PDZ_vs_2z9i_pdz_w0/2z9i_pdz/2z9i_pdz_10f_3di.fasta and x2: /mnt/scratch/jugipalace/foldseek_new_3di/tmp/2vsv_PDZ_vs_2z9i_pdz_w0/2z9i_pdz/2z9i_pdz_10f_3di_x2.fasta
2025-11-25 17:30:53,769 INFO: Removed temporary token file: /mnt/scratch/jugipalace/foldseek_new_3di/tmp/2vsv_PDZ_vs_2z9i_pdz_w0/2z9i_pdz/2z9i_pdz_10f.txt
2025-11-25 17:30:56,996 INFO: Removed intermediate token file: /mnt/scratch/jugipalace/foldseek_new_3di/tmp/2vsv_PDZ_vs_2z9i_pdz_w0/2vsv_PDZ/2vsv_PDZ_8f_3di.txt
2025-11-25 17:30:56,996 INFO: Removed intermediate token file: /mnt/scratch/jugipalace/foldseek_new_3di/tmp/2vsv_PDZ_vs_2z9i_pdz_w0/2z9i_pdz/2z9i_pdz_8f_3di.txt
2025-11-25 17:31:00,073 INFO: Removed intermediate token file: /mnt/scratch/jugipalace/foldseek_new_3di/tmp/2vsv_PDZ_vs_2z9i_pdz_w0/2vsv_PDZ/2vsv_PDZ_9f_3di.txt
2025-11-25 17:31:00,074 INFO: Removed intermediate token file: /mnt/scratch/jugipalace/foldseek_new_3di/tmp/2vsv_PDZ_vs_2z9i_pdz_w0/2z9i_pdz/2z9i_pdz_9f_3di.txt
2025-11-25 17:31:00,074 INFO: Registered 10f variant from createdb outputs: /mnt/scratch/jugipalace/foldseek_new_3di/tmp/2vsv_PDZ_vs_2z9i_pdz_w0/2vsv_PDZ/2vsv_PDZ_10f_3di.fasta, /mnt/scratch/jugipalace/foldseek_new_3di/tmp/2vsv_PDZ_vs_2z9i_pdz_w0/2z9i_pdz/2z9i_pdz_10f_3di.fasta
2025-11-25 17:31:00,076 INFO: Parsed 79 TM-align pairs from visual alignment blocks
2025-11-25 17:31:00,077 INFO: Mapping printed TM top/bot to FASTA stems: top->(len=81) bot->(len=87)
2025-11-25 17:31:00,082 INFO: Chosen cutpoint s=2 (mode=minj) len_target=87
2025-11-25 17:31:00,082 INFO: Wrote TM pairs to /mnt/scratch/jugipalace/foldseek_new_3di/tmp/2vsv_PDZ_vs_2z9i_pdz_w0/tm_pairs.tsv
2025-11-25 17:31:00,083 INFO: Using ssw executable: /mnt/scratch/jugipalace/foldseek_new_3di/ssw/ssw_test for variant 8f
2025-11-25 17:31:00,083 INFO: Using substitution matrix: /mnt/scratch/jugipalace/foldseek_new_3di/ssw/s_8f.mat for variant 8f
2025-11-25 17:31:00,085 INFO: Wrote ssw (-c) output for 8f to /mnt/scratch/jugipalace/foldseek_new_3di/tmp/2vsv_PDZ_vs_2z9i_pdz_w0/alignment_results/2vsv_PDZ_8f_3di_2z9i_pdz_8f_3di_x2_8f_ssw_output.txt
2025-11-25 17:31:00,113 INFO: Wrote BLAST-like output for 8f to /mnt/scratch/jugipalace/foldseek_new_3di/tmp/2vsv_PDZ_vs_2z9i_pdz_w0/alignment_results/2vsv_PDZ_8f_3di_2z9i_pdz_8f_3di_x2_8f_blast_output.txt
2025-11-25 17:31:00,114 INFO: Using ssw executable: /mnt/scratch/jugipalace/foldseek_new_3di/ssw/ssw_test for variant 9f
2025-11-25 17:31:00,114 INFO: Using substitution matrix: /mnt/scratch/jugipalace/foldseek_new_3di/ssw/s_9f.mat for variant 9f
2025-11-25 17:31:00,116 INFO: Wrote ssw (-c) output for 9f to /mnt/scratch/jugipalace/foldseek_new_3di/tmp/2vsv_PDZ_vs_2z9i_pdz_w0/alignment_results/2vsv_PDZ_9f_3di_2z9i_pdz_9f_3di_x2_9f_ssw_output.txt
2025-11-25 17:31:00,146 INFO: Wrote BLAST-like output for 9f to /mnt/scratch/jugipalace/foldseek_new_3di/tmp/2vsv_PDZ_vs_2z9i_pdz_w0/alignment_results/2vsv_PDZ_9f_3di_2z9i_pdz_9f_3di_x2_9f_blast_output.txt
2025-11-25 17:31:00,146 INFO: Using ssw executable: /mnt/scratch/jugipalace/foldseek_new_3di/ssw/ssw_test for variant 10f
2025-11-25 17:31:00,146 INFO: Using substitution matrix (forced for 10f): /mnt/scratch/jugipalace/foldseek_new_3di/ssw/s_10f.mat for variant 10f
2025-11-25 17:31:00,148 INFO: Wrote ssw (-c) output for 10f to /mnt/scratch/jugipalace/foldseek_new_3di/tmp/2vsv_PDZ_vs_2z9i_pdz_w0/alignment_results/2vsv_PDZ_10f_3di_2z9i_pdz_10f_3di_x2_10f_ssw_output.txt
2025-11-25 17:31:00,178 INFO: Wrote BLAST-like output for 10f to /mnt/scratch/jugipalace/foldseek_new_3di/tmp/2vsv_PDZ_vs_2z9i_pdz_w0/alignment_results/2vsv_PDZ_10f_3di_2z9i_pdz_10f_3di_x2_10f_blast_output.txt
2025-11-25 17:31:00,178 INFO: Found 3 ssw output files to compare
2025-11-25 17:31:00,179 INFO: Parsing SSW file: /mnt/scratch/jugipalace/foldseek_new_3di/tmp/2vsv_PDZ_vs_2z9i_pdz_w0/alignment_results/2vsv_PDZ_10f_3di_2z9i_pdz_10f_3di_x2_10f_ssw_output.txt
2025-11-25 17:31:00,179 INFO: Detected SSW QNAME= p2 / RNAME= p1 ordering; swapped parsed SSW pairs to match tm (p1,p2) ordering
2025-11-25 17:31:00,179 INFO:   2vsv_PDZ_10f_3di_2z9i_pdz_10f_3di_x2_10f_ssw_output.txt: parsed 65 3di aligned pairs (after mod mapping)
2025-11-25 17:31:00,179 INFO: Wrote SSW pairs to /mnt/scratch/jugipalace/foldseek_new_3di/tmp/2vsv_PDZ_vs_2z9i_pdz_w0/2vsv_PDZ_10f_3di_2z9i_pdz_10f_3di_x2_10f_ssw_output.txt.pairs.tsv
2025-11-25 17:31:00,181 INFO: Detected global SSW->TM j-offset 0 (mode matches=61); applying correction
2025-11-25 17:31:00,181 INFO: Comparison for 2vsv_PDZ_10f_3di_2z9i_pdz_10f_3di_x2_10f_ssw_output.txt: TM pairs=79, 3Di pairs=65, TP=61, FP=4, FN=18
2025-11-25 17:31:00,182 INFO:   sample matched indices: tm_idx=12->ssw_idx=0,tm_idx=13->ssw_idx=1,tm_idx=14->ssw_idx=2,tm_idx=15->ssw_idx=3,tm_idx=19->ssw_idx=7,tm_idx=20->ssw_idx=8,tm_idx=21->ssw_idx=9,tm_idx=22->ssw_idx=10,tm_idx=23->ssw_idx=11,tm_idx=24->ssw_idx=12
2025-11-25 17:31:00,182 INFO: CP flags: wrap_ok=True span_ok=True cp_ok=True cutpoint=2 lenT=87
2025-11-25 17:31:00,182 INFO: Parsing SSW file: /mnt/scratch/jugipalace/foldseek_new_3di/tmp/2vsv_PDZ_vs_2z9i_pdz_w0/alignment_results/2vsv_PDZ_8f_3di_2z9i_pdz_8f_3di_x2_8f_ssw_output.txt
2025-11-25 17:31:00,182 INFO: Detected SSW QNAME= p2 / RNAME= p1 ordering; swapped parsed SSW pairs to match tm (p1,p2) ordering
2025-11-25 17:31:00,182 INFO:   2vsv_PDZ_8f_3di_2z9i_pdz_8f_3di_x2_8f_ssw_output.txt: parsed 75 3di aligned pairs (after mod mapping)
2025-11-25 17:31:00,182 INFO: Wrote SSW pairs to /mnt/scratch/jugipalace/foldseek_new_3di/tmp/2vsv_PDZ_vs_2z9i_pdz_w0/2vsv_PDZ_8f_3di_2z9i_pdz_8f_3di_x2_8f_ssw_output.txt.pairs.tsv
2025-11-25 17:31:00,183 INFO: Detected global SSW->TM j-offset 0 (mode matches=60); applying correction
2025-11-25 17:31:00,183 INFO: Comparison for 2vsv_PDZ_8f_3di_2z9i_pdz_8f_3di_x2_8f_ssw_output.txt: TM pairs=79, 3Di pairs=75, TP=60, FP=15, FN=19
2025-11-25 17:31:00,183 INFO:   sample matched indices: tm_idx=10->ssw_idx=10,tm_idx=11->ssw_idx=11,tm_idx=12->ssw_idx=12,tm_idx=13->ssw_idx=13,tm_idx=14->ssw_idx=14,tm_idx=15->ssw_idx=15,tm_idx=16->ssw_idx=16,tm_idx=17->ssw_idx=17,tm_idx=18->ssw_idx=18,tm_idx=20->ssw_idx=20
2025-11-25 17:31:00,183 INFO: CP flags: wrap_ok=True span_ok=True cp_ok=True cutpoint=2 lenT=87
2025-11-25 17:31:00,184 INFO: Parsing SSW file: /mnt/scratch/jugipalace/foldseek_new_3di/tmp/2vsv_PDZ_vs_2z9i_pdz_w0/alignment_results/2vsv_PDZ_9f_3di_2z9i_pdz_9f_3di_x2_9f_ssw_output.txt
2025-11-25 17:31:00,184 INFO: Detected SSW QNAME= p2 / RNAME= p1 ordering; swapped parsed SSW pairs to match tm (p1,p2) ordering
2025-11-25 17:31:00,184 INFO:   2vsv_PDZ_9f_3di_2z9i_pdz_9f_3di_x2_9f_ssw_output.txt: parsed 63 3di aligned pairs (after mod mapping)
2025-11-25 17:31:00,184 INFO: Wrote SSW pairs to /mnt/scratch/jugipalace/foldseek_new_3di/tmp/2vsv_PDZ_vs_2z9i_pdz_w0/2vsv_PDZ_9f_3di_2z9i_pdz_9f_3di_x2_9f_ssw_output.txt.pairs.tsv
2025-11-25 17:31:00,185 INFO: Detected global SSW->TM j-offset 0 (mode matches=35); applying correction
2025-11-25 17:31:00,185 INFO: Comparison for 2vsv_PDZ_9f_3di_2z9i_pdz_9f_3di_x2_9f_ssw_output.txt: TM pairs=79, 3Di pairs=63, TP=35, FP=28, FN=44
2025-11-25 17:31:00,185 INFO:   sample matched indices: tm_idx=22->ssw_idx=17,tm_idx=23->ssw_idx=18,tm_idx=24->ssw_idx=19,tm_idx=25->ssw_idx=20,tm_idx=26->ssw_idx=21,tm_idx=27->ssw_idx=22,tm_idx=28->ssw_idx=23,tm_idx=29->ssw_idx=24,tm_idx=30->ssw_idx=25,tm_idx=31->ssw_idx=26
2025-11-25 17:31:00,185 INFO: CP flags: wrap_ok=True span_ok=True cp_ok=True cutpoint=2 lenT=87
2025-11-25 17:31:00,186 INFO: Variant-level: detected global SSW->TM j-offset 0 (mode matches=61); applying correction
2025-11-25 17:31:00,187 INFO: Wrote target coverage view to /mnt/scratch/jugipalace/foldseek_new_3di/tmp/2vsv_PDZ_vs_2z9i_pdz_w0/alignment_results/2z9i_pdz_10f_result_coverage_target.tsv
2025-11-25 17:31:00,188 INFO: Wrote query coverage view to /mnt/scratch/jugipalace/foldseek_new_3di/tmp/2vsv_PDZ_vs_2z9i_pdz_w0/alignment_results/2z9i_pdz_10f_result_coverage_query.tsv
2025-11-25 17:31:00,190 INFO: Variant-level: detected global SSW->TM j-offset 0 (mode matches=35); applying correction
2025-11-25 17:31:00,190 INFO: Wrote target coverage view to /mnt/scratch/jugipalace/foldseek_new_3di/tmp/2vsv_PDZ_vs_2z9i_pdz_w0/alignment_results/2z9i_pdz_9f_result_coverage_target.tsv
2025-11-25 17:31:00,191 INFO: Wrote query coverage view to /mnt/scratch/jugipalace/foldseek_new_3di/tmp/2vsv_PDZ_vs_2z9i_pdz_w0/alignment_results/2z9i_pdz_9f_result_coverage_query.tsv
2025-11-25 17:31:00,191 INFO: Variant-level: detected global SSW->TM j-offset 0 (mode matches=60); applying correction
2025-11-25 17:31:00,192 INFO: Wrote target coverage view to /mnt/scratch/jugipalace/foldseek_new_3di/tmp/2vsv_PDZ_vs_2z9i_pdz_w0/alignment_results/2z9i_pdz_8f_result_coverage_target.tsv
2025-11-25 17:31:00,192 INFO: Wrote query coverage view to /mnt/scratch/jugipalace/foldseek_new_3di/tmp/2vsv_PDZ_vs_2z9i_pdz_w0/alignment_results/2z9i_pdz_8f_result_coverage_query.tsv
2025-11-25 17:31:00,192 INFO: Wrote horizontal variant summary to /mnt/scratch/jugipalace/foldseek_new_3di/tmp/2vsv_PDZ_vs_2z9i_pdz_w0/tmalign_3di_match_summary_by_variant_w0.txt
