START: Tue 25 Nov 2025 05:31:25 PM KST
2025-11-25 17:31:25,662 INFO: Using run directory: /mnt/scratch/jugipalace/foldseek_new_3di/tmp/2z9i_pdz_vs_2hga_trim_w2
2025-11-25 17:31:25,752 INFO: foldseek createdb done for /mnt/scratch/jugipalace/foldseek_new_3di/tmp/2z9i_pdz_vs_2hga_trim_w2/2z9i_pdz.pdb -> /mnt/scratch/jugipalace/foldseek_new_3di/tmp/2z9i_pdz_vs_2hga_trim_w2/2z9i_pdz
2025-11-25 17:31:25,839 INFO: foldseek createdb done for /mnt/scratch/jugipalace/foldseek_new_3di/tmp/2z9i_pdz_vs_2hga_trim_w2/2hga_trim.pdb -> /mnt/scratch/jugipalace/foldseek_new_3di/tmp/2z9i_pdz_vs_2hga_trim_w2/2hga_trim
2025-11-25 17:31:25,839 INFO: Wrote FASTA: /mnt/scratch/jugipalace/foldseek_new_3di/tmp/2z9i_pdz_vs_2hga_trim_w2/2z9i_pdz/2z9i_pdz.fasta
2025-11-25 17:31:25,840 INFO: Wrote temporary 10f token file: /mnt/scratch/jugipalace/foldseek_new_3di/tmp/2z9i_pdz_vs_2hga_trim_w2/2z9i_pdz/2z9i_pdz_10f.txt
2025-11-25 17:31:25,840 INFO: Wrote 10f FASTA: /mnt/scratch/jugipalace/foldseek_new_3di/tmp/2z9i_pdz_vs_2hga_trim_w2/2z9i_pdz/2z9i_pdz_10f_3di.fasta and x2: /mnt/scratch/jugipalace/foldseek_new_3di/tmp/2z9i_pdz_vs_2hga_trim_w2/2z9i_pdz/2z9i_pdz_10f_3di_x2.fasta
2025-11-25 17:31:25,840 INFO: Removed temporary token file: /mnt/scratch/jugipalace/foldseek_new_3di/tmp/2z9i_pdz_vs_2hga_trim_w2/2z9i_pdz/2z9i_pdz_10f.txt
2025-11-25 17:31:25,845 INFO: Wrote FASTA: /mnt/scratch/jugipalace/foldseek_new_3di/tmp/2z9i_pdz_vs_2hga_trim_w2/2hga_trim/2hga_trim.fasta
2025-11-25 17:31:25,845 INFO: Wrote temporary 10f token file: /mnt/scratch/jugipalace/foldseek_new_3di/tmp/2z9i_pdz_vs_2hga_trim_w2/2hga_trim/2hga_trim_10f.txt
2025-11-25 17:31:25,845 INFO: Wrote 10f FASTA: /mnt/scratch/jugipalace/foldseek_new_3di/tmp/2z9i_pdz_vs_2hga_trim_w2/2hga_trim/2hga_trim_10f_3di.fasta and x2: /mnt/scratch/jugipalace/foldseek_new_3di/tmp/2z9i_pdz_vs_2hga_trim_w2/2hga_trim/2hga_trim_10f_3di_x2.fasta
2025-11-25 17:31:25,845 INFO: Removed temporary token file: /mnt/scratch/jugipalace/foldseek_new_3di/tmp/2z9i_pdz_vs_2hga_trim_w2/2hga_trim/2hga_trim_10f.txt
2025-11-25 17:31:28,624 INFO: Removed intermediate token file: /mnt/scratch/jugipalace/foldseek_new_3di/tmp/2z9i_pdz_vs_2hga_trim_w2/2z9i_pdz/2z9i_pdz_8f_3di.txt
2025-11-25 17:31:28,624 INFO: Removed intermediate token file: /mnt/scratch/jugipalace/foldseek_new_3di/tmp/2z9i_pdz_vs_2hga_trim_w2/2hga_trim/2hga_trim_8f_3di.txt
2025-11-25 17:31:31,353 INFO: Removed intermediate token file: /mnt/scratch/jugipalace/foldseek_new_3di/tmp/2z9i_pdz_vs_2hga_trim_w2/2z9i_pdz/2z9i_pdz_9f_3di.txt
2025-11-25 17:31:31,353 INFO: Removed intermediate token file: /mnt/scratch/jugipalace/foldseek_new_3di/tmp/2z9i_pdz_vs_2hga_trim_w2/2hga_trim/2hga_trim_9f_3di.txt
2025-11-25 17:31:31,353 INFO: Registered 10f variant from createdb outputs: /mnt/scratch/jugipalace/foldseek_new_3di/tmp/2z9i_pdz_vs_2hga_trim_w2/2z9i_pdz/2z9i_pdz_10f_3di.fasta, /mnt/scratch/jugipalace/foldseek_new_3di/tmp/2z9i_pdz_vs_2hga_trim_w2/2hga_trim/2hga_trim_10f_3di.fasta
2025-11-25 17:31:31,356 INFO: Parsed 80 TM-align pairs from visual alignment blocks
2025-11-25 17:31:31,356 INFO: Mapping printed TM top/bot to FASTA stems: top->(len=87) bot->(len=85)
2025-11-25 17:31:31,362 INFO: Chosen cutpoint s=2 (mode=minj) len_target=85
2025-11-25 17:31:31,362 INFO: Wrote TM pairs to /mnt/scratch/jugipalace/foldseek_new_3di/tmp/2z9i_pdz_vs_2hga_trim_w2/tm_pairs.tsv
2025-11-25 17:31:31,363 INFO: Using ssw executable: /mnt/scratch/jugipalace/foldseek_new_3di/ssw/ssw_test for variant 8f
2025-11-25 17:31:31,363 INFO: Using substitution matrix: /mnt/scratch/jugipalace/foldseek_new_3di/ssw/s_8f.mat for variant 8f
2025-11-25 17:31:31,365 INFO: Wrote ssw (-c) output for 8f to /mnt/scratch/jugipalace/foldseek_new_3di/tmp/2z9i_pdz_vs_2hga_trim_w2/alignment_results/2z9i_pdz_8f_3di_2hga_trim_8f_3di_x2_8f_ssw_output.txt
2025-11-25 17:31:31,387 INFO: Wrote BLAST-like output for 8f to /mnt/scratch/jugipalace/foldseek_new_3di/tmp/2z9i_pdz_vs_2hga_trim_w2/alignment_results/2z9i_pdz_8f_3di_2hga_trim_8f_3di_x2_8f_blast_output.txt
2025-11-25 17:31:31,388 INFO: Using ssw executable: /mnt/scratch/jugipalace/foldseek_new_3di/ssw/ssw_test for variant 9f
2025-11-25 17:31:31,388 INFO: Using substitution matrix: /mnt/scratch/jugipalace/foldseek_new_3di/ssw/s_9f.mat for variant 9f
2025-11-25 17:31:31,390 INFO: Wrote ssw (-c) output for 9f to /mnt/scratch/jugipalace/foldseek_new_3di/tmp/2z9i_pdz_vs_2hga_trim_w2/alignment_results/2z9i_pdz_9f_3di_2hga_trim_9f_3di_x2_9f_ssw_output.txt
2025-11-25 17:31:31,413 INFO: Wrote BLAST-like output for 9f to /mnt/scratch/jugipalace/foldseek_new_3di/tmp/2z9i_pdz_vs_2hga_trim_w2/alignment_results/2z9i_pdz_9f_3di_2hga_trim_9f_3di_x2_9f_blast_output.txt
2025-11-25 17:31:31,413 INFO: Using ssw executable: /mnt/scratch/jugipalace/foldseek_new_3di/ssw/ssw_test for variant 10f
2025-11-25 17:31:31,413 INFO: Using substitution matrix (forced for 10f): /mnt/scratch/jugipalace/foldseek_new_3di/ssw/s_10f.mat for variant 10f
2025-11-25 17:31:31,415 INFO: Wrote ssw (-c) output for 10f to /mnt/scratch/jugipalace/foldseek_new_3di/tmp/2z9i_pdz_vs_2hga_trim_w2/alignment_results/2z9i_pdz_10f_3di_2hga_trim_10f_3di_x2_10f_ssw_output.txt
2025-11-25 17:31:31,437 INFO: Wrote BLAST-like output for 10f to /mnt/scratch/jugipalace/foldseek_new_3di/tmp/2z9i_pdz_vs_2hga_trim_w2/alignment_results/2z9i_pdz_10f_3di_2hga_trim_10f_3di_x2_10f_blast_output.txt
2025-11-25 17:31:31,437 INFO: Found 3 ssw output files to compare
2025-11-25 17:31:31,437 INFO: Parsing SSW file: /mnt/scratch/jugipalace/foldseek_new_3di/tmp/2z9i_pdz_vs_2hga_trim_w2/alignment_results/2z9i_pdz_10f_3di_2hga_trim_10f_3di_x2_10f_ssw_output.txt
2025-11-25 17:31:31,437 INFO: Detected SSW QNAME= p2 / RNAME= p1 ordering; swapped parsed SSW pairs to match tm (p1,p2) ordering
2025-11-25 17:31:31,437 INFO:   2z9i_pdz_10f_3di_2hga_trim_10f_3di_x2_10f_ssw_output.txt: parsed 70 3di aligned pairs (after mod mapping)
2025-11-25 17:31:31,438 INFO: Wrote SSW pairs to /mnt/scratch/jugipalace/foldseek_new_3di/tmp/2z9i_pdz_vs_2hga_trim_w2/2z9i_pdz_10f_3di_2hga_trim_10f_3di_x2_10f_ssw_output.txt.pairs.tsv
2025-11-25 17:31:31,439 INFO: Detected global SSW->TM j-offset 0 (mode matches=64); applying correction
2025-11-25 17:31:31,439 INFO: Comparison for 2z9i_pdz_10f_3di_2hga_trim_10f_3di_x2_10f_ssw_output.txt: TM pairs=80, 3Di pairs=70, TP=69, FP=1, FN=11
2025-11-25 17:31:31,439 INFO:   sample matched indices: tm_idx=11->ssw_idx=2,tm_idx=12->ssw_idx=3,tm_idx=13->ssw_idx=4,tm_idx=14->ssw_idx=5,tm_idx=15->ssw_idx=6,tm_idx=16->ssw_idx=7,tm_idx=17->ssw_idx=8,tm_idx=18->ssw_idx=9,tm_idx=19->ssw_idx=10,tm_idx=20->ssw_idx=11
2025-11-25 17:31:31,439 INFO: CP flags: wrap_ok=True span_ok=True cp_ok=True cutpoint=2 lenT=85
2025-11-25 17:31:31,440 INFO: Parsing SSW file: /mnt/scratch/jugipalace/foldseek_new_3di/tmp/2z9i_pdz_vs_2hga_trim_w2/alignment_results/2z9i_pdz_8f_3di_2hga_trim_8f_3di_x2_8f_ssw_output.txt
2025-11-25 17:31:31,440 INFO: Detected SSW QNAME= p2 / RNAME= p1 ordering; swapped parsed SSW pairs to match tm (p1,p2) ordering
2025-11-25 17:31:31,440 INFO:   2z9i_pdz_8f_3di_2hga_trim_8f_3di_x2_8f_ssw_output.txt: parsed 79 3di aligned pairs (after mod mapping)
2025-11-25 17:31:31,440 INFO: Wrote SSW pairs to /mnt/scratch/jugipalace/foldseek_new_3di/tmp/2z9i_pdz_vs_2hga_trim_w2/2z9i_pdz_8f_3di_2hga_trim_8f_3di_x2_8f_ssw_output.txt.pairs.tsv
2025-11-25 17:31:31,441 INFO: Detected global SSW->TM j-offset 0 (mode matches=64); applying correction
2025-11-25 17:31:31,441 INFO: Comparison for 2z9i_pdz_8f_3di_2hga_trim_8f_3di_x2_8f_ssw_output.txt: TM pairs=80, 3Di pairs=79, TP=77, FP=2, FN=3
2025-11-25 17:31:31,441 INFO:   sample matched indices: tm_idx=11->ssw_idx=12,tm_idx=12->ssw_idx=13,tm_idx=13->ssw_idx=14,tm_idx=14->ssw_idx=15,tm_idx=15->ssw_idx=16,tm_idx=16->ssw_idx=17,tm_idx=17->ssw_idx=18,tm_idx=18->ssw_idx=19,tm_idx=19->ssw_idx=20,tm_idx=20->ssw_idx=21
2025-11-25 17:31:31,441 INFO: CP flags: wrap_ok=True span_ok=True cp_ok=True cutpoint=2 lenT=85
2025-11-25 17:31:31,442 INFO: Parsing SSW file: /mnt/scratch/jugipalace/foldseek_new_3di/tmp/2z9i_pdz_vs_2hga_trim_w2/alignment_results/2z9i_pdz_9f_3di_2hga_trim_9f_3di_x2_9f_ssw_output.txt
2025-11-25 17:31:31,442 INFO: Detected SSW QNAME= p2 / RNAME= p1 ordering; swapped parsed SSW pairs to match tm (p1,p2) ordering
2025-11-25 17:31:31,442 INFO:   2z9i_pdz_9f_3di_2hga_trim_9f_3di_x2_9f_ssw_output.txt: parsed 50 3di aligned pairs (after mod mapping)
2025-11-25 17:31:31,442 INFO: Wrote SSW pairs to /mnt/scratch/jugipalace/foldseek_new_3di/tmp/2z9i_pdz_vs_2hga_trim_w2/2z9i_pdz_9f_3di_2hga_trim_9f_3di_x2_9f_ssw_output.txt.pairs.tsv
2025-11-25 17:31:31,442 INFO: Detected global SSW->TM j-offset 0 (mode matches=22); applying correction
2025-11-25 17:31:31,443 INFO: Comparison for 2z9i_pdz_9f_3di_2hga_trim_9f_3di_x2_9f_ssw_output.txt: TM pairs=80, 3Di pairs=50, TP=50, FP=0, FN=30
2025-11-25 17:31:31,443 INFO:   sample matched indices: tm_idx=11->ssw_idx=5,tm_idx=12->ssw_idx=6,tm_idx=13->ssw_idx=7,tm_idx=14->ssw_idx=8,tm_idx=15->ssw_idx=9,tm_idx=16->ssw_idx=10,tm_idx=17->ssw_idx=11,tm_idx=19->ssw_idx=12,tm_idx=20->ssw_idx=13,tm_idx=21->ssw_idx=14
2025-11-25 17:31:31,443 INFO: CP flags: wrap_ok=True span_ok=True cp_ok=True cutpoint=2 lenT=85
2025-11-25 17:31:31,444 INFO: Variant-level: detected global SSW->TM j-offset 0 (mode matches=64); applying correction
2025-11-25 17:31:31,445 INFO: Wrote target coverage view to /mnt/scratch/jugipalace/foldseek_new_3di/tmp/2z9i_pdz_vs_2hga_trim_w2/alignment_results/2hga_trim_10f_result_coverage_target.tsv
2025-11-25 17:31:31,446 INFO: Wrote query coverage view to /mnt/scratch/jugipalace/foldseek_new_3di/tmp/2z9i_pdz_vs_2hga_trim_w2/alignment_results/2hga_trim_10f_result_coverage_query.tsv
2025-11-25 17:31:31,447 INFO: Variant-level: detected global SSW->TM j-offset 0 (mode matches=22); applying correction
2025-11-25 17:31:31,447 INFO: Wrote target coverage view to /mnt/scratch/jugipalace/foldseek_new_3di/tmp/2z9i_pdz_vs_2hga_trim_w2/alignment_results/2hga_trim_9f_result_coverage_target.tsv
2025-11-25 17:31:31,447 INFO: Wrote query coverage view to /mnt/scratch/jugipalace/foldseek_new_3di/tmp/2z9i_pdz_vs_2hga_trim_w2/alignment_results/2hga_trim_9f_result_coverage_query.tsv
2025-11-25 17:31:31,448 INFO: Variant-level: detected global SSW->TM j-offset 0 (mode matches=64); applying correction
2025-11-25 17:31:31,448 INFO: Wrote target coverage view to /mnt/scratch/jugipalace/foldseek_new_3di/tmp/2z9i_pdz_vs_2hga_trim_w2/alignment_results/2hga_trim_8f_result_coverage_target.tsv
2025-11-25 17:31:31,449 INFO: Wrote query coverage view to /mnt/scratch/jugipalace/foldseek_new_3di/tmp/2z9i_pdz_vs_2hga_trim_w2/alignment_results/2hga_trim_8f_result_coverage_query.tsv
2025-11-25 17:31:31,449 INFO: Wrote horizontal variant summary to /mnt/scratch/jugipalace/foldseek_new_3di/tmp/2z9i_pdz_vs_2hga_trim_w2/tmalign_3di_match_summary_by_variant_w2.txt
