START: Tue 25 Nov 2025 05:31:25 PM KST
> foldseek createdb /mnt/scratch/jugipalace/foldseek_new_3di/tmp/2z9i_pdz_vs_2hga_trim_w2/2z9i_pdz.pdb 2z9i_pdz_pdzdb
> foldseek createdb /mnt/scratch/jugipalace/foldseek_new_3di/tmp/2z9i_pdz_vs_2hga_trim_w2/2hga_trim.pdb 2hga_trim_pdzdb
> /home/jugipalace/miniconda3/envs/torchclean/bin/python3 /mnt/scratch/jugipalace/foldseek_new_3di/pdb_to_3di.py /mnt/scratch/jugipalace/foldseek_new_3di/tmp/2z9i_pdz_vs_2hga_trim_w2/2z9i_pdz.pdb /mnt/scratch/jugipalace/foldseek_new_3di/training_3di_gpu_8f/tmp -o /mnt/scratch/jugipalace/foldseek_new_3di/tmp/2z9i_pdz_vs_2hga_trim_w2/2z9i_pdz/2z9i_pdz_8f_3di.txt --no-header
> /home/jugipalace/miniconda3/envs/torchclean/bin/python3 /mnt/scratch/jugipalace/foldseek_new_3di/pdb_to_3di.py /mnt/scratch/jugipalace/foldseek_new_3di/tmp/2z9i_pdz_vs_2hga_trim_w2/2hga_trim.pdb /mnt/scratch/jugipalace/foldseek_new_3di/training_3di_gpu_8f/tmp -o /mnt/scratch/jugipalace/foldseek_new_3di/tmp/2z9i_pdz_vs_2hga_trim_w2/2hga_trim/2hga_trim_8f_3di.txt --no-header
> /home/jugipalace/miniconda3/envs/torchclean/bin/python3 /mnt/scratch/jugipalace/foldseek_new_3di/pdb_to_3di.py /mnt/scratch/jugipalace/foldseek_new_3di/tmp/2z9i_pdz_vs_2hga_trim_w2/2z9i_pdz.pdb /mnt/scratch/jugipalace/foldseek_new_3di/training_3di_gpu_9f/tmp -o /mnt/scratch/jugipalace/foldseek_new_3di/tmp/2z9i_pdz_vs_2hga_trim_w2/2z9i_pdz/2z9i_pdz_9f_3di.txt --no-header
> /home/jugipalace/miniconda3/envs/torchclean/bin/python3 /mnt/scratch/jugipalace/foldseek_new_3di/pdb_to_3di.py /mnt/scratch/jugipalace/foldseek_new_3di/tmp/2z9i_pdz_vs_2hga_trim_w2/2hga_trim.pdb /mnt/scratch/jugipalace/foldseek_new_3di/training_3di_gpu_9f/tmp -o /mnt/scratch/jugipalace/foldseek_new_3di/tmp/2z9i_pdz_vs_2hga_trim_w2/2hga_trim/2hga_trim_9f_3di.txt --no-header
Loaded existing TM-align output from /mnt/scratch/jugipalace/foldseek_new_3di/run_logs/TM_align_cp_result_2z9i_pdz.pdb_2hga_trim.pdb.txt
Parsed 80 TM-align pairs (from visual/block parsing if available)
Running ssw for variant 8f...
> /mnt/scratch/jugipalace/foldseek_new_3di/ssw/ssw_test -p -a /mnt/scratch/jugipalace/foldseek_new_3di/ssw/s_8f.mat -o 8 -e 2 -c /mnt/scratch/jugipalace/foldseek_new_3di/tmp/2z9i_pdz_vs_2hga_trim_w2/2z9i_pdz/2z9i_pdz_8f_3di.fasta /mnt/scratch/jugipalace/foldseek_new_3di/tmp/2z9i_pdz_vs_2hga_trim_w2/2hga_trim/2hga_trim_8f_3di_x2.fasta
> /home/jugipalace/miniconda3/envs/torchclean/bin/python3 /mnt/scratch/jugipalace/foldseek_new_3di/scripts/sam_to_blastlike.py /mnt/scratch/jugipalace/foldseek_new_3di/tmp/2z9i_pdz_vs_2hga_trim_w2/2z9i_pdz/2z9i_pdz_8f_3di.fasta /mnt/scratch/jugipalace/foldseek_new_3di/tmp/2z9i_pdz_vs_2hga_trim_w2/alignment_results/2z9i_pdz_8f_3di_2hga_trim_8f_3di_x2_8f_ssw_output.txt
Running ssw for variant 9f...
> /mnt/scratch/jugipalace/foldseek_new_3di/ssw/ssw_test -p -a /mnt/scratch/jugipalace/foldseek_new_3di/ssw/s_9f.mat -o 8 -e 2 -c /mnt/scratch/jugipalace/foldseek_new_3di/tmp/2z9i_pdz_vs_2hga_trim_w2/2z9i_pdz/2z9i_pdz_9f_3di.fasta /mnt/scratch/jugipalace/foldseek_new_3di/tmp/2z9i_pdz_vs_2hga_trim_w2/2hga_trim/2hga_trim_9f_3di_x2.fasta
> /home/jugipalace/miniconda3/envs/torchclean/bin/python3 /mnt/scratch/jugipalace/foldseek_new_3di/scripts/sam_to_blastlike.py /mnt/scratch/jugipalace/foldseek_new_3di/tmp/2z9i_pdz_vs_2hga_trim_w2/2z9i_pdz/2z9i_pdz_9f_3di.fasta /mnt/scratch/jugipalace/foldseek_new_3di/tmp/2z9i_pdz_vs_2hga_trim_w2/alignment_results/2z9i_pdz_9f_3di_2hga_trim_9f_3di_x2_9f_ssw_output.txt
Running ssw for variant 10f...
> /mnt/scratch/jugipalace/foldseek_new_3di/ssw/ssw_test -p -a /mnt/scratch/jugipalace/foldseek_new_3di/ssw/s_10f.mat -o 8 -e 2 -c /mnt/scratch/jugipalace/foldseek_new_3di/tmp/2z9i_pdz_vs_2hga_trim_w2/2z9i_pdz/2z9i_pdz_10f_3di.fasta /mnt/scratch/jugipalace/foldseek_new_3di/tmp/2z9i_pdz_vs_2hga_trim_w2/2hga_trim/2hga_trim_10f_3di_x2.fasta
> /home/jugipalace/miniconda3/envs/torchclean/bin/python3 /mnt/scratch/jugipalace/foldseek_new_3di/scripts/sam_to_blastlike.py /mnt/scratch/jugipalace/foldseek_new_3di/tmp/2z9i_pdz_vs_2hga_trim_w2/2z9i_pdz/2z9i_pdz_10f_3di.fasta /mnt/scratch/jugipalace/foldseek_new_3di/tmp/2z9i_pdz_vs_2hga_trim_w2/alignment_results/2z9i_pdz_10f_3di_2hga_trim_10f_3di_x2_10f_ssw_output.txt
Wrote variant summary CSV to /mnt/scratch/jugipalace/foldseek_new_3di/tmp/2z9i_pdz_vs_2hga_trim_w2/2z9i_pdz_vs_2hga_trim_variant_summary_w2.csv
Wrote verbose variant summary to /mnt/scratch/jugipalace/foldseek_new_3di/tmp/2z9i_pdz_vs_2hga_trim_w2/2z9i_pdz_vs_2hga_trim_variant_summary_w2.txt
EXIT: 0  Tue 25 Nov 2025 05:31:31 PM KST
